0 info it worked if it ends with ok
1 verbose cli [ '/Users/aartiles/nvm/v0.8.3/bin/node',
1 verbose cli   '/Users/aartiles/nvm/v0.8.3/bin/npm',
1 verbose cli   'publish',
1 verbose cli   '.' ]
2 info using npm@1.1.43
3 info using node@v0.8.3
4 verbose config file /Users/aartiles/.npmrc
5 verbose config file /Users/aartiles/nvm/v0.8.3/etc/npmrc
6 verbose config file /Users/aartiles/nvm/v0.8.3/lib/node_modules/npm/npmrc
7 verbose publish [ '.' ]
8 verbose read json /Users/aartiles/Data/projects/ntwitter/package.json
9 verbose cache add [ '.', null ]
10 silly cache add name=undefined spec="." args=[".",null]
11 verbose parsed url { pathname: '.', path: '.', href: '.' }
12 silly lockFile 3a52ce78- .
13 verbose lock . /Users/aartiles/.npm/3a52ce78-.lock
14 verbose read json package.json
15 verbose tar pack [ '/var/folders/bc/36s2501949d8l6w0nbbzbdpc0000gn/T/npm-32660/1364302090045-0.00260621658526361/tmp.tgz',
15 verbose tar pack   '.' ]
16 verbose tarball /var/folders/bc/36s2501949d8l6w0nbbzbdpc0000gn/T/npm-32660/1364302090045-0.00260621658526361/tmp.tgz
17 verbose folder .
18 info prepublish ntwitter@0.2.92
19 silly lockFile c7ae1f4d-0045-0-00260621658526361-tmp-tgz /var/folders/bc/36s2501949d8l6w0nbbzbdpc0000gn/T/npm-32660/1364302090045-0.00260621658526361/tmp.tgz
20 verbose lock /var/folders/bc/36s2501949d8l6w0nbbzbdpc0000gn/T/npm-32660/1364302090045-0.00260621658526361/tmp.tgz /Users/aartiles/.npm/c7ae1f4d-0045-0-00260621658526361-tmp-tgz.lock
21 silly lockFile c7ae1f4d-0045-0-00260621658526361-tmp-tgz /var/folders/bc/36s2501949d8l6w0nbbzbdpc0000gn/T/npm-32660/1364302090045-0.00260621658526361/tmp.tgz
22 verbose tar unpack /var/folders/bc/36s2501949d8l6w0nbbzbdpc0000gn/T/npm-32660/1364302090045-0.00260621658526361/tmp.tgz
23 silly lockFile 20f108f1-0045-0-00260621658526361-package /var/folders/bc/36s2501949d8l6w0nbbzbdpc0000gn/T/npm-32660/1364302090045-0.00260621658526361/package
24 verbose lock /var/folders/bc/36s2501949d8l6w0nbbzbdpc0000gn/T/npm-32660/1364302090045-0.00260621658526361/package /Users/aartiles/.npm/20f108f1-0045-0-00260621658526361-package.lock
25 silly gunzTarPerm modes [ '755', '644' ]
26 silly gunzTarPerm extractEntry package.json
27 silly gunzTarPerm extractEntry README.md
28 silly gunzTarPerm extractEntry LICENSE
29 silly gunzTarPerm extractEntry index.js
30 silly gunzTarPerm extractEntry lib/parser.js
31 silly gunzTarPerm extractEntry lib/twitter.js
32 silly gunzTarPerm extractEntry test/memory.js
33 silly gunzTarPerm extractEntry test/memory.txt
34 verbose read json /var/folders/bc/36s2501949d8l6w0nbbzbdpc0000gn/T/npm-32660/1364302090045-0.00260621658526361/package/package.json
35 silly lockFile 20f108f1-0045-0-00260621658526361-package /var/folders/bc/36s2501949d8l6w0nbbzbdpc0000gn/T/npm-32660/1364302090045-0.00260621658526361/package
36 verbose from cache /var/folders/bc/36s2501949d8l6w0nbbzbdpc0000gn/T/npm-32660/1364302090045-0.00260621658526361/package/package.json
37 verbose tar pack [ '/Users/aartiles/.npm/ntwitter/0.2.92/package.tgz',
37 verbose tar pack   '/var/folders/bc/36s2501949d8l6w0nbbzbdpc0000gn/T/npm-32660/1364302090045-0.00260621658526361/package' ]
38 verbose tarball /Users/aartiles/.npm/ntwitter/0.2.92/package.tgz
39 verbose folder /var/folders/bc/36s2501949d8l6w0nbbzbdpc0000gn/T/npm-32660/1364302090045-0.00260621658526361/package
40 silly lockFile 7b313a76--npm-ntwitter-0-2-92-package-tgz /Users/aartiles/.npm/ntwitter/0.2.92/package.tgz
41 verbose lock /Users/aartiles/.npm/ntwitter/0.2.92/package.tgz /Users/aartiles/.npm/7b313a76--npm-ntwitter-0-2-92-package-tgz.lock
42 silly lockFile 7b313a76--npm-ntwitter-0-2-92-package-tgz /Users/aartiles/.npm/ntwitter/0.2.92/package.tgz
43 silly lockFile 19174309-iles-npm-ntwitter-0-2-92-package /Users/aartiles/.npm/ntwitter/0.2.92/package
44 verbose lock /Users/aartiles/.npm/ntwitter/0.2.92/package /Users/aartiles/.npm/19174309-iles-npm-ntwitter-0-2-92-package.lock
45 silly lockFile 19174309-iles-npm-ntwitter-0-2-92-package /Users/aartiles/.npm/ntwitter/0.2.92/package
46 verbose tar unpack /Users/aartiles/.npm/ntwitter/0.2.92/package.tgz
47 silly lockFile 19174309-iles-npm-ntwitter-0-2-92-package /Users/aartiles/.npm/ntwitter/0.2.92/package
48 verbose lock /Users/aartiles/.npm/ntwitter/0.2.92/package /Users/aartiles/.npm/19174309-iles-npm-ntwitter-0-2-92-package.lock
49 silly gunzTarPerm modes [ '755', '644' ]
50 silly gunzTarPerm extractEntry package.json
51 silly gunzTarPerm extractEntry README.md
52 silly gunzTarPerm extractEntry LICENSE
53 silly gunzTarPerm extractEntry index.js
54 silly gunzTarPerm extractEntry lib/parser.js
55 silly gunzTarPerm extractEntry lib/twitter.js
56 silly gunzTarPerm extractEntry test/memory.js
57 silly gunzTarPerm extractEntry test/memory.txt
58 verbose read json /Users/aartiles/.npm/ntwitter/0.2.92/package/package.json
59 silly lockFile 19174309-iles-npm-ntwitter-0-2-92-package /Users/aartiles/.npm/ntwitter/0.2.92/package
60 silly shasum updated bytes 10784
61 info shasum 0e73f21450577b4a48880fdd818be280a3fd6c74
61 info shasum /Users/aartiles/.npm/ntwitter/0.2.92/package.tgz
62 verbose from cache /Users/aartiles/.npm/ntwitter/0.2.92/package/package.json
63 verbose chmod /Users/aartiles/.npm/ntwitter/0.2.92/package.tgz 644
64 verbose chown /Users/aartiles/.npm/ntwitter/0.2.92/package.tgz [ 501, 20 ]
65 silly lockFile 3a52ce78- .
66 silly publish { name: 'ntwitter',
66 silly publish   version: '0.2.92',
66 silly publish   description: 'Asynchronous Twitter REST/stream/search client API for node.js.',
66 silly publish   keywords: [ 'twitter', 'streaming', 'oauth' ],
66 silly publish   homepage: 'https://github.com/AvianFlu/ntwitter',
66 silly publish   author: { name: 'jdub, changes by AvianFlu' },
66 silly publish   licenses:
66 silly publish    { type: 'MIT',
66 silly publish      url: 'http://github.com/AvianFlu/ntwitter/raw/master/LICENSE' },
66 silly publish   repository: { type: 'git', url: 'http://github.com/AvianFlu/ntwitter.git' },
66 silly publish   dependencies:
66 silly publish    { oauth: 'git://github.com/SocialBro/node-oauth.git',
66 silly publish      cookies: '0.1.x',
66 silly publish      keygrip: '0.1.x' },
66 silly publish   engines: { node: '>=0.4.0' },
66 silly publish   main: './lib/twitter',
66 silly publish   readme: 'Asynchronous Twitter client API for node.js\n===========================================\n\n[ntwitter](http://github.com/AvianFlu/ntwitter) is an upgraded version of jdub\'s [node-twitter](http://github.com/jdub/node-twitter), which in turn was inspired by, and uses some code from, technoweenie\'s [twitter-node](http://github.com/technoweenie/twitter-node).\n\n## Installation\n\nYou can install ntwitter and its dependencies with npm: `npm install ntwitter`.\n\n\n## Getting started\n\nThis library is, for the most part, the same API as `node-twitter`. Much of the documentation below is straight from `node-twitter` - credit goes to [jdub](http://github.com/jdub) for putting all this together in the first place. \n\nThe most significant API change involves error handling in callbacks.  Callbacks should now look something like this:\n\n         function (err, result) {\n           if (err) {return callback(err)}\n           // Do something with \'result\' here\n         }\n\nWhere `callback` is the parent function\'s callback.  (Or any other function you want to call on error.)\n\n### Setup API \n\nThe keys listed below can be obtained from [dev.twitter.com](http://dev.twitter.com) after setting up a new App.\n\n        var twitter = require(\'ntwitter\');\n\n        var twit = new twitter({\n          consumer_key: \'Twitter\',\n          consumer_secret: \'API\',\n          access_token_key: \'keys\',\n          access_token_secret: \'go here\'\n        });\n\n\n### REST API \n\n\nInteraction with other parts of Twitter is accomplished through their RESTful API.\nThe best documentation for this exists at [dev.twitter.com](http://dev.twitter.com).  Convenience methods exist\nfor many of the available methods, but some may be more up-to-date than others.\nIf your Twitter interaction is very important, double-check the parameters in the code with \nTwitter\'s current documentation.\n\nNote that all functions may be chained:\n\n        twit\n          .verifyCredentials(function (err, data) {\n            console.log(console.dir(data));\n          })\n          .updateStatus(\'Test tweet from ntwitter/\' + twitter.VERSION,\n            function (err, data) {\n              console.log(console.dir(data));\n            }\n          );\n\n### Search API \n\n        twit.search(\'nodejs OR #node\', function(err, data) {\n          console.log(console.dir(data));\n        });\n\n### Streaming API \n\nThe stream() callback receives a Stream-like EventEmitter:\n\nHere is an example of how to call the \'statuses/sample\' method:\n\n        twit.stream(\'statuses/sample\', function(stream) {\n          stream.on(\'data\', function (data) {\n            console.log(data);\n          });\n        });\n        \nHere is an example of how to call the \'statuses/filter\' method with a bounding box over San Fransisco and New York City ( see streaming api for more details on [locations](https://dev.twitter.com/docs/streaming-api/methods#locations) ):\n\n        twit.stream(\'statuses/filter\', {\'locations\':\'-122.75,36.8,-121.75,37.8,-74,40,-73,41\'}, function(stream) {\n          stream.on(\'data\', function (data) {\n            console.log(data);\n          });\n        });\n\nntwitter also supports user and site streams:\n\n        twit.stream(\'user\', {track:\'nodejs\'}, function(stream) {\n          stream.on(\'data\', function (data) {\n            console.log(console.dir(data));\n          });\n          // Disconnect stream after five seconds\n          setTimeout(stream.destroy, 5000);\n        });\n\n## Contributors\n\n- [AvianFlu](http://github.com/AvianFlu) - Upgrades and current support\n- [Jeff Waugh](http://github.com/jdub) (primary author)\n- [rick](http://github.com/technoweenie) (parser.js and, of course, twitter-node!)\n- [Cole Gillespie](http://github.com/coleGillespie) (additional documentation)\n- [Tim Cameron Ryan](http://github.com/timcameronryan)\n- [Jonathan Griggs](https://github.com/boatmeme)\n- [pwagener](https://github.com/pwagener)\n- [fatshotty](https://github.com/fatshotty)\n- [Ian Babrou](https://github.com/bobrik)\n\nIf you contribute and would like to see your name here, please add it with your changes!\n\n## TODO\n\n- Complete the convenience functions, preferably generated\n- Support [recommended reconnection behaviour](http://dev.twitter.com/pages/user_streams_suggestions) for the streaming APIs\n\n',
66 silly publish   _id: 'ntwitter@0.2.92',
66 silly publish   dist: { shasum: '0e73f21450577b4a48880fdd818be280a3fd6c74' } }
67 verbose url raw ntwitter
68 verbose url resolving [ 'https://registry.npmjs.org/', './ntwitter' ]
69 verbose url resolved https://registry.npmjs.org/ntwitter
70 info retry registry request attempt 1 at 13:48:12
71 http PUT https://registry.npmjs.org/ntwitter
72 http 409 https://registry.npmjs.org/ntwitter
73 verbose url raw ntwitter
74 verbose url resolving [ 'https://registry.npmjs.org/', './ntwitter' ]
75 verbose url resolved https://registry.npmjs.org/ntwitter
76 info retry registry request attempt 1 at 13:48:13
77 http GET https://registry.npmjs.org/ntwitter
78 http 200 https://registry.npmjs.org/ntwitter
79 verbose url raw ntwitter/0.2.92/-tag/latest
80 verbose url resolving [ 'https://registry.npmjs.org/',
80 verbose url resolving   './ntwitter/0.2.92/-tag/latest' ]
81 verbose url resolved https://registry.npmjs.org/ntwitter/0.2.92/-tag/latest
82 info retry registry request attempt 1 at 13:48:15
83 http PUT https://registry.npmjs.org/ntwitter/0.2.92/-tag/latest
84 http 403 https://registry.npmjs.org/ntwitter/0.2.92/-tag/latest
85 error publish Error sending version data
86 error Error: forbidden user: aartiles not authorized to modify ntwitter
86 error Changed: dist-tags.latest "0.5.0" -> "0.2.92"
86 error Added: versions.0.2.92
86 error Changed: time.modified "2012-09-14T16:16:27.166Z" -> "2013-03-26T12:48:16.234Z"
86 error Added: time.0.2.92: ntwitter/0.2.92/-tag/latest
86 error     at RegClient.<anonymous> (/Users/aartiles/nvm/v0.8.3/lib/node_modules/npm/node_modules/npm-registry-client/lib/request.js:246:14)
86 error     at Request.init.self.callback (/Users/aartiles/nvm/v0.8.3/lib/node_modules/npm/node_modules/request/main.js:120:22)
86 error     at Request.EventEmitter.emit (events.js:91:17)
86 error     at Request.<anonymous> (/Users/aartiles/nvm/v0.8.3/lib/node_modules/npm/node_modules/request/main.js:555:16)
86 error     at Request.EventEmitter.emit (events.js:88:17)
86 error     at IncomingMessage.Request.start.self.req.self.httpModule.request.buffer (/Users/aartiles/nvm/v0.8.3/lib/node_modules/npm/node_modules/request/main.js:517:14)
86 error     at IncomingMessage.EventEmitter.emit (events.js:115:20)
86 error     at IncomingMessage._emitEnd (http.js:366:10)
86 error     at HTTPParser.parserOnMessageComplete [as onMessageComplete] (http.js:149:23)
86 error     at CleartextStream.socketOnData [as ondata] (http.js:1356:20)
87 error If you need help, you may report this log at:
87 error     <http://github.com/isaacs/npm/issues>
87 error or email it to:
87 error     <npm-@googlegroups.com>
88 error System Darwin 12.2.1
89 error command "/Users/aartiles/nvm/v0.8.3/bin/node" "/Users/aartiles/nvm/v0.8.3/bin/npm" "publish" "."
90 error cwd /Users/aartiles/Data/projects/ntwitter
91 error node -v v0.8.3
92 error npm -v 1.1.43
93 verbose exit [ 1, true ]
